13:50:54.240 [main] INFO  com.app.qa.base.TestBase - Entered the 'From' location
13:50:55.115 [main] INFO  com.app.qa.base.TestBase - Entered the 'To' location
13:50:55.269 [main] INFO  com.app.qa.base.TestBase - Entered the Departure date
13:50:55.607 [main] INFO  com.app.qa.base.TestBase - Entered the Return date
13:50:55.796 [main] INFO  com.app.qa.base.TestBase - Clicked on Search button
13:50:58.875 [main] INFO  com.app.qa.base.TestBase - Driver exit
13:50:58.875 [main] INFO  com.app.qa.base.TestBase - TestCase Completed
13:51:08.321 [main] INFO  com.app.qa.base.TestBase - TestCase Started
13:51:08.322 [main] INFO  com.app.qa.base.TestBase - Driver is initialized and navigated to url
13:51:08.988 [main] INFO  com.app.qa.base.TestBase - Entered the 'From' location
13:51:09.731 [main] INFO  com.app.qa.base.TestBase - Entered the 'To' location
13:51:09.881 [main] INFO  com.app.qa.base.TestBase - Entered the Departure date
13:51:10.113 [main] INFO  com.app.qa.base.TestBase - Entered the Return date
13:51:10.295 [main] INFO  com.app.qa.base.TestBase - Clicked on Search button
13:51:13.414 [main] INFO  com.app.qa.base.TestBase - Driver exit
13:51:13.414 [main] INFO  com.app.qa.base.TestBase - TestCase Completed
14:05:21.324 [main] INFO  com.app.qa.base.TestBase - TestCase Started
14:05:21.331 [main] INFO  com.app.qa.base.TestBase - Driver is initialized and navigated to url
14:05:21.354 [main] INFO  com.app.qa.base.TestBase - The page title is: Online flight booking, Hotels, Bus &amp; Holiday Packages at Goibibo
14:05:21.357 [main] INFO  com.app.qa.base.TestBase - Successgully validated the title for FlightSearch page
14:05:24.500 [main] INFO  com.app.qa.base.TestBase - Driver exit
14:05:24.501 [main] INFO  com.app.qa.base.TestBase - TestCase Completed
14:05:34.038 [main] INFO  com.app.qa.base.TestBase - TestCase Started
14:05:34.039 [main] INFO  com.app.qa.base.TestBase - Driver is initialized and navigated to url
14:05:35.206 [main] INFO  com.app.qa.base.TestBase - Entered the 'From' location
14:05:35.896 [main] INFO  com.app.qa.base.TestBase - Entered the 'To' location
14:05:36.056 [main] INFO  com.app.qa.base.TestBase - Entered the Departure date
14:05:36.318 [main] INFO  com.app.qa.base.TestBase - Entered the Return date
14:05:36.547 [main] INFO  com.app.qa.base.TestBase - Clicked on Search button
14:05:39.635 [main] INFO  com.app.qa.base.TestBase - Driver exit
14:05:39.635 [main] INFO  com.app.qa.base.TestBase - TestCase Completed
14:05:49.049 [main] INFO  com.app.qa.base.TestBase - TestCase Started
14:05:49.049 [main] INFO  com.app.qa.base.TestBase - Driver is initialized and navigated to url
14:05:49.821 [main] INFO  com.app.qa.base.TestBase - Entered the 'From' location
14:05:50.582 [main] INFO  com.app.qa.base.TestBase - Entered the 'To' location
14:05:50.792 [main] INFO  com.app.qa.base.TestBase - Entered the Departure date
14:05:51.073 [main] INFO  com.app.qa.base.TestBase - Entered the Return date
14:05:51.356 [main] INFO  com.app.qa.base.TestBase - Clicked on Search button
14:05:54.485 [main] INFO  com.app.qa.base.TestBase - Driver exit
14:05:54.486 [main] INFO  com.app.qa.base.TestBase - TestCase Completed
14:06:03.727 [main] INFO  com.app.qa.base.TestBase - TestCase Started
14:06:03.727 [main] INFO  com.app.qa.base.TestBase - Driver is initialized and navigated to url
14:06:04.558 [main] INFO  com.app.qa.base.TestBase - Entered the 'From' location
14:06:05.289 [main] INFO  com.app.qa.base.TestBase - Entered the 'To' location
14:06:05.426 [main] INFO  com.app.qa.base.TestBase - Entered the Departure date
14:06:05.682 [main] INFO  com.app.qa.base.TestBase - Entered the Return date
14:06:05.866 [main] INFO  com.app.qa.base.TestBase - Clicked on Search button
14:06:08.893 [main] INFO  com.app.qa.base.TestBase - Driver exit
14:06:08.893 [main] INFO  com.app.qa.base.TestBase - TestCase Completed
15:44:06.045 [main] INFO  com.app.qa.base.TestBase - TestCase Started
15:44:06.051 [main] INFO  com.app.qa.base.TestBase - Driver is initialized and navigated to url
15:44:06.071 [main] INFO  com.app.qa.base.TestBase - The page title is: Online flight booking, Hotels, Bus &amp; Holiday Packages at Goibibo
15:44:06.074 [main] INFO  com.app.qa.base.TestBase - Successgully validated the title for FlightSearch page
15:44:09.150 [main] INFO  com.app.qa.base.TestBase - Driver exit
15:44:09.150 [main] INFO  com.app.qa.base.TestBase - TestCase Completed
15:44:18.715 [main] INFO  com.app.qa.base.TestBase - TestCase Started
15:44:18.715 [main] INFO  com.app.qa.base.TestBase - Driver is initialized and navigated to url
15:44:19.437 [main] INFO  com.app.qa.base.TestBase - Entered the 'From' location
15:44:20.085 [main] INFO  com.app.qa.base.TestBase - Entered the 'To' location
15:44:20.280 [main] INFO  com.app.qa.base.TestBase - Entered the Departure date
15:44:20.524 [main] INFO  com.app.qa.base.TestBase - Entered the Return date
15:44:20.710 [main] INFO  com.app.qa.base.TestBase - Clicked on Search button
